t point   rejected structures   time (s)
      1         0 of    1512      0.007
      2         0 of    1512      0.006
      3         0 of    1512      0.003
      4         0 of    1512      0.004
      5         0 of    1512      0.003
      6         0 of    1512      0.004
      7         0 of    1512      0.003
      8         0 of    1512      0.004
      9         0 of    1512      0.003
     10         0 of    1512      0.003
     11         0 of    1512      0.004
     12         0 of    1512      0.003
     13         0 of    1512      0.004
     14         0 of    1512      0.003
     15         0 of    1512      0.004
     16         0 of    1512      0.003
     17         0 of    1512      0.004
     18         0 of    1512      0.003
     19         0 of    1512      0.003
     20         0 of    1512      0.004
     21         0 of    1512      0.003
     22         0 of    1512      0.003
     23         0 of    1512      0.004
     24         0 of    1512      0.003
     25         0 of    1512      0.004
     26         0 of    1512      0.003
     27         0 of    1512      0.003
     28         0 of    1512      0.004
     29         0 of    1512      0.003
     30         0 of    1512      0.004
     31         0 of    1512      0.003
     32         0 of    1512      0.003
     33         0 of    1512      0.004
     34         0 of    1512      0.003
     35         0 of    1512      0.003
     36         0 of    1512      0.004
     37         0 of    1512      0.003
     38         0 of    1512      0.003
     39         0 of    1512      0.004
     40         0 of    1512      0.003
     41         0 of    1512      0.003
     42         0 of    1512      0.004
