          42
         X (A)       Y (A)       Z (A)    point            PROB      A (kJ/mol)    -TS (kJ/mol)      E (kJ/mol)
X      0.00000    -2.38182    -1.47205        8    1.74725E-001   -2.09615E+001    4.32032E+000   -2.52818E+001
X      0.00000     2.38182    -1.47205        6    1.74725E-001   -2.09615E+001    4.32032E+000   -2.52818E+001
X      0.00000     0.00000     2.80000       24    8.68525E-002   -1.92180E+001    6.43668E+000   -2.56546E+001
X     -1.47205     0.00000     2.38182        9    5.85173E-002   -1.82330E+001    6.84169E+000   -2.50747E+001
X      1.47205     0.00000     2.38182        3    5.85173E-002   -1.82330E+001    6.84169E+000   -2.50747E+001
X      0.86525     1.40000     2.26525       22    4.04674E-002   -1.73130E+001    7.12968E+000   -2.44427E+001
X     -0.86525     1.40000     2.26525       29    4.04674E-002   -1.73130E+001    7.12968E+000   -2.44427E+001
X      0.86525    -1.40000     2.26525       23    4.04674E-002   -1.73130E+001    7.12968E+000   -2.44427E+001
X     -0.86525    -1.40000     2.26525       34    4.04674E-002   -1.73130E+001    7.12968E+000   -2.44427E+001
X      0.86525     1.40000    -2.26525       25    2.57145E-002   -1.61820E+001    4.26478E+000   -2.04467E+001
X     -0.86525     1.40000    -2.26525       31    2.57145E-002   -1.61820E+001    4.26478E+000   -2.04467E+001
X      0.86525    -1.40000    -2.26525       26    2.57145E-002   -1.61820E+001    4.26478E+000   -2.04467E+001
X     -0.86525    -1.40000    -2.26525       36    2.57145E-002   -1.61820E+001    4.26478E+000   -2.04467E+001
X      2.26525     0.86525     1.40000       14    1.77037E-002   -1.52509E+001    7.26123E+000   -2.25121E+001
X     -2.26525     0.86525     1.40000       38    1.77037E-002   -1.52509E+001    7.26123E+000   -2.25121E+001
X     -2.26525    -0.86525     1.40000       39    1.77037E-002   -1.52509E+001    7.26123E+000   -2.25121E+001
X      2.26525    -0.86525     1.40000       18    1.77037E-002   -1.52509E+001    7.26123E+000   -2.25121E+001
X      0.00000     2.38182     1.47205        5    1.00969E-002   -1.38502E+001    6.78551E+000   -2.06357E+001
X      0.00000    -2.38182     1.47205        7    1.00969E-002   -1.38502E+001    6.78551E+000   -2.06357E+001
X     -1.40000    -2.26525    -0.86525       37    6.95358E-003   -1.29199E+001    4.75247E+000   -1.76723E+001
X      1.40000    -2.26525    -0.86525       21    6.95358E-003   -1.29199E+001    4.75247E+000   -1.76723E+001
X      1.40000     2.26525    -0.86525       17    6.95358E-003   -1.29199E+001    4.75247E+000   -1.76723E+001
X     -1.40000     2.26525    -0.86525       32    6.95358E-003   -1.29199E+001    4.75247E+000   -1.76723E+001
X      0.00000    -2.80000     0.00000       33    6.38854E-003   -1.27085E+001    5.28964E+000   -1.79981E+001
X      0.00000     2.80000     0.00000       28    6.38854E-003   -1.27085E+001    5.28964E+000   -1.79981E+001
X      1.40000     2.26525     0.86525       16    5.16734E-003   -1.21793E+001    6.52721E+000   -1.87065E+001
X     -1.40000     2.26525     0.86525       30    5.16734E-003   -1.21793E+001    6.52721E+000   -1.87065E+001
X      1.40000    -2.26525     0.86525       20    5.16734E-003   -1.21793E+001    6.52721E+000   -1.87065E+001
X     -1.40000    -2.26525     0.86525       35    5.16734E-003   -1.21793E+001    6.52721E+000   -1.87065E+001
X      0.00000     0.00000    -2.80000       27    5.15380E-003   -1.21728E+001    4.24648E+000   -1.64192E+001
X      2.38182     1.47205     0.00000        1    2.98845E-003   -1.08134E+001    6.75915E+000   -1.75726E+001
X     -2.38182     1.47205     0.00000       11    2.98845E-003   -1.08134E+001    6.75915E+000   -1.75726E+001
X     -2.38182    -1.47205     0.00000       12    2.98845E-003   -1.08134E+001    6.75915E+000   -1.75726E+001
X      2.38182    -1.47205     0.00000        2    2.98845E-003   -1.08134E+001    6.75915E+000   -1.75726E+001
X      2.80000     0.00000     0.00000       13    2.97201E-003   -1.07996E+001    6.97188E+000   -1.77715E+001
X     -2.80000     0.00000     0.00000       42    2.97201E-003   -1.07996E+001    6.97188E+000   -1.77715E+001
X      1.47205     0.00000    -2.38182        4    1.34004E-003   -8.81280E+000    4.19575E+000   -1.30086E+001
X     -1.47205     0.00000    -2.38182       10    1.34004E-003   -8.81280E+000    4.19575E+000   -1.30086E+001
X      2.26525     0.86525    -1.40000       15    9.83462E-004   -8.04111E+000    5.57164E+000   -1.36128E+001
X     -2.26525     0.86525    -1.40000       40    9.83462E-004   -8.04111E+000    5.57164E+000   -1.36128E+001
X     -2.26525    -0.86525    -1.40000       41    9.83462E-004   -8.04111E+000    5.57164E+000   -1.36128E+001
X      2.26525    -0.86525    -1.40000       19    9.83462E-004   -8.04111E+000    5.57164E+000   -1.36128E+001
--------------------------------------------------------------------------
         TOTAL OVER TRANSLATIONAL GRID             1.00000E+000   -1.59900E+001    7.67498E+000   -2.36650E+001
